train : 922719	eval : 395452
/home/jovyan/gpu3-data2/lujie/mtcnn-pytorch-5keypoints/mtcnn/core/models.py:12: UserWarning: nn.init.xavier_uniform is now deprecated in favor of nn.init.xavier_uniform_.
  nn.init.xavier_uniform(m.weight.data)
/home/jovyan/gpu3-data2/lujie/mtcnn-pytorch-5keypoints/mtcnn/core/models.py:13: UserWarning: nn.init.constant is now deprecated in favor of nn.init.constant_.
  nn.init.constant(m.bias, 0.1)
Epoch: 1|20, bid: 5000, acc: 0.9124, cls_loss: 0.2085, bbox_loss: 0.0144, lmk_loss: 0.0044, all_loss: 0.0279
Epoch: 1|20, bid: 10000, acc: 0.9332, cls_loss: 0.1661, bbox_loss: 0.0133, lmk_loss: 0.0033, all_loss: 0.0222
Eval result acc: 0.9585, cls_loss: 0.1077, bbox_loss: 0.0118, lmk_loss: 0.0015, all_loss: 0.0134
Epoch: 2|20, bid: 5000, acc: 0.9656, cls_loss: 0.0959, bbox_loss: 0.0110, lmk_loss: 0.0015, all_loss: 0.0126
Epoch: 2|20, bid: 10000, acc: 0.9668, cls_loss: 0.0927, bbox_loss: 0.0108, lmk_loss: 0.0014, all_loss: 0.0122
Eval result acc: 0.9718, cls_loss: 0.0813, bbox_loss: 0.0104, lmk_loss: 0.0012, all_loss: 0.0107
Epoch: 3|20, bid: 5000, acc: 0.9670, cls_loss: 0.0913, bbox_loss: 0.0112, lmk_loss: 0.0014, all_loss: 0.0122
Epoch: 3|20, bid: 10000, acc: 0.9669, cls_loss: 0.0915, bbox_loss: 0.0110, lmk_loss: 0.0014, all_loss: 0.0120
Eval result acc: 0.9683, cls_loss: 0.0864, bbox_loss: 0.0109, lmk_loss: 0.0013, all_loss: 0.0116
Epoch: 4|20, bid: 5000, acc: 0.9725, cls_loss: 0.0794, bbox_loss: 0.0102, lmk_loss: 0.0012, all_loss: 0.0106
Epoch: 4|20, bid: 10000, acc: 0.9728, cls_loss: 0.0782, bbox_loss: 0.0102, lmk_loss: 0.0012, all_loss: 0.0105
Eval result acc: 0.9735, cls_loss: 0.0741, bbox_loss: 0.0142, lmk_loss: 0.0025, all_loss: 0.0154
Epoch: 5|20, bid: 5000, acc: 0.9744, cls_loss: 0.0744, bbox_loss: 0.0102, lmk_loss: 0.0012, all_loss: 0.0103
Epoch: 5|20, bid: 10000, acc: 0.9742, cls_loss: 0.0745, bbox_loss: 0.0101, lmk_loss: 0.0011, all_loss: 0.0102
Eval result acc: 0.9719, cls_loss: 0.0829, bbox_loss: 0.0103, lmk_loss: 0.0013, all_loss: 0.0112
Epoch: 6|20, bid: 5000, acc: 0.9752, cls_loss: 0.0724, bbox_loss: 0.0099, lmk_loss: 0.0011, all_loss: 0.0099
Epoch: 6|20, bid: 10000, acc: 0.9749, cls_loss: 0.0722, bbox_loss: 0.0100, lmk_loss: 0.0011, all_loss: 0.0100
Eval result acc: 0.9693, cls_loss: 0.0852, bbox_loss: 0.0106, lmk_loss: 0.0013, all_loss: 0.0113
Epoch: 7|20, bid: 5000, acc: 0.9716, cls_loss: 0.0806, bbox_loss: 0.0102, lmk_loss: 0.0012, all_loss: 0.0106
Epoch: 7|20, bid: 10000, acc: 0.9734, cls_loss: 0.0759, bbox_loss: 0.0101, lmk_loss: 0.0011, all_loss: 0.0102
Eval result acc: 0.9735, cls_loss: 0.0747, bbox_loss: 0.0102, lmk_loss: 0.0012, all_loss: 0.0105
Epoch: 8|20, bid: 5000, acc: 0.9767, cls_loss: 0.0674, bbox_loss: 0.0099, lmk_loss: 0.0011, all_loss: 0.0096
Epoch: 8|20, bid: 10000, acc: 0.9768, cls_loss: 0.0674, bbox_loss: 0.0099, lmk_loss: 0.0011, all_loss: 0.0096
Eval result acc: 0.9738, cls_loss: 0.0799, bbox_loss: 0.0104, lmk_loss: 0.0011, all_loss: 0.0104
Epoch: 9|20, bid: 5000, acc: 0.9771, cls_loss: 0.0664, bbox_loss: 0.0098, lmk_loss: 0.0011, all_loss: 0.0095
Epoch: 9|20, bid: 10000, acc: 0.9761, cls_loss: 0.0690, bbox_loss: 0.0101, lmk_loss: 0.0011, all_loss: 0.0099
Eval result acc: 0.9720, cls_loss: 0.0770, bbox_loss: 0.0103, lmk_loss: 0.0012, all_loss: 0.0105
Epoch: 10|20, bid: 5000, acc: 0.9760, cls_loss: 0.0695, bbox_loss: 0.0099, lmk_loss: 0.0011, all_loss: 0.0097
Epoch: 10|20, bid: 10000, acc: 0.9766, cls_loss: 0.0675, bbox_loss: 0.0099, lmk_loss: 0.0011, all_loss: 0.0096
Eval result acc: 0.9763, cls_loss: 0.0670, bbox_loss: 0.0098, lmk_loss: 0.0010, all_loss: 0.0094
Epoch: 11|20, bid: 5000, acc: 0.9781, cls_loss: 0.0641, bbox_loss: 0.0097, lmk_loss: 0.0011, all_loss: 0.0093
Epoch: 11|20, bid: 10000, acc: 0.9725, cls_loss: 0.0782, bbox_loss: 0.0104, lmk_loss: 0.0016, all_loss: 0.0118
Eval result acc: 0.9754, cls_loss: 0.0750, bbox_loss: 0.0099, lmk_loss: 0.0013, all_loss: 0.0106
Epoch: 12|20, bid: 5000, acc: 0.9771, cls_loss: 0.0663, bbox_loss: 0.0100, lmk_loss: 0.0011, all_loss: 0.0096
Epoch: 12|20, bid: 10000, acc: 0.9771, cls_loss: 0.0662, bbox_loss: 0.0099, lmk_loss: 0.0011, all_loss: 0.0096
Eval result acc: 0.9748, cls_loss: 0.0707, bbox_loss: 0.0099, lmk_loss: 0.0011, all_loss: 0.0097
Epoch: 13|20, bid: 5000, acc: 0.9786, cls_loss: 0.0626, bbox_loss: 0.0097, lmk_loss: 0.0010, all_loss: 0.0091
Epoch: 13|20, bid: 10000, acc: 0.9783, cls_loss: 0.0634, bbox_loss: 0.0097, lmk_loss: 0.0011, all_loss: 0.0093
Eval result acc: 0.9762, cls_loss: 0.0647, bbox_loss: 0.0097, lmk_loss: 0.0010, all_loss: 0.0091
Epoch: 14|20, bid: 5000, acc: 0.9793, cls_loss: 0.0605, bbox_loss: 0.0096, lmk_loss: 0.0010, all_loss: 0.0090
Epoch: 14|20, bid: 10000, acc: 0.9792, cls_loss: 0.0611, bbox_loss: 0.0096, lmk_loss: 0.0010, all_loss: 0.0090
Eval result acc: 0.7434, cls_loss: 0.4090, bbox_loss: 0.0212, lmk_loss: 0.0175, all_loss: 0.0793
Epoch: 15|20, bid: 5000, acc: 0.8805, cls_loss: 0.2761, bbox_loss: 0.0172, lmk_loss: 0.0109, all_loss: 0.0515
Epoch: 15|20, bid: 10000, acc: 0.9082, cls_loss: 0.2252, bbox_loss: 0.0167, lmk_loss: 0.0088, all_loss: 0.0425
Eval result acc: 0.9714, cls_loss: 0.0881, bbox_loss: 0.0118, lmk_loss: 0.0022, all_loss: 0.0147
Epoch: 16|20, bid: 5000, acc: 0.9681, cls_loss: 0.0912, bbox_loss: 0.0122, lmk_loss: 0.0025, all_loss: 0.0157
Epoch: 16|20, bid: 10000, acc: 0.9703, cls_loss: 0.0847, bbox_loss: 0.0118, lmk_loss: 0.0022, all_loss: 0.0144
Eval result acc: 0.9654, cls_loss: 0.1055, bbox_loss: 0.0135, lmk_loss: 0.0034, all_loss: 0.0194
Epoch: 17|20, bid: 5000, acc: 0.9672, cls_loss: 0.0937, bbox_loss: 0.0121, lmk_loss: 0.0024, all_loss: 0.0156
Epoch: 17|20, bid: 10000, acc: 0.9698, cls_loss: 0.0859, bbox_loss: 0.0117, lmk_loss: 0.0022, all_loss: 0.0144
Eval result acc: 0.9763, cls_loss: 0.0705, bbox_loss: 0.0111, lmk_loss: 0.0017, all_loss: 0.0119
Epoch: 18|20, bid: 5000, acc: 0.9742, cls_loss: 0.0744, bbox_loss: 0.0111, lmk_loss: 0.0018, all_loss: 0.0123
Epoch: 18|20, bid: 10000, acc: 0.9709, cls_loss: 0.0830, bbox_loss: 0.0114, lmk_loss: 0.0021, all_loss: 0.0138
Eval result acc: 0.9596, cls_loss: 0.1177, bbox_loss: 0.0126, lmk_loss: 0.0022, all_loss: 0.0163
