Flipping action will add 922488 images to imdb
train : 1844976	eval : 395352
/home/jovyan/gpu3-data2/lujie/mtcnn-pytorch-5keypoints/mtcnn/core/models.py:12: UserWarning: nn.init.xavier_uniform is now deprecated in favor of nn.init.xavier_uniform_.
  nn.init.xavier_uniform(m.weight.data)
/home/jovyan/gpu3-data2/lujie/mtcnn-pytorch-5keypoints/mtcnn/core/models.py:13: UserWarning: nn.init.constant is now deprecated in favor of nn.init.constant_.
  nn.init.constant(m.bias, 0.1)
/opt/conda/lib/python3.7/site-packages/torch/nn/functional.py:1386: UserWarning: nn.functional.sigmoid is deprecated. Use torch.sigmoid instead.
  warnings.warn("nn.functional.sigmoid is deprecated. Use torch.sigmoid instead.")
Epoch: 1|20, bid: 1000, acc: 0.8694, cls_loss: 0.2943, bbox_loss: 0.0193, lmk_loss: 0.0310, all_loss: 0.3195
Epoch: 1|20, bid: 2000, acc: 0.8901, cls_loss: 0.2575, bbox_loss: 0.0178, lmk_loss: 0.0287, all_loss: 0.2807
Epoch: 1|20, bid: 3000, acc: 0.8998, cls_loss: 0.2392, bbox_loss: 0.0172, lmk_loss: 0.0276, all_loss: 0.2616
single epoch cost time : 5.63 mins
Eval result acc: 0.9233, cls_loss: 0.1925, bbox_loss: 0.0154, lmk_loss: 0.0230, all_loss: 0.2117
Epoch: 2|20, bid: 1000, acc: 0.9266, cls_loss: 0.1881, bbox_loss: 0.0155, lmk_loss: 0.0248, all_loss: 0.2083
Epoch: 2|20, bid: 2000, acc: 0.9265, cls_loss: 0.1870, bbox_loss: 0.0154, lmk_loss: 0.0247, all_loss: 0.2071
Epoch: 2|20, bid: 3000, acc: 0.9273, cls_loss: 0.1845, bbox_loss: 0.0154, lmk_loss: 0.0246, all_loss: 0.2045
single epoch cost time : 4.02 mins
Eval result acc: 0.9252, cls_loss: 0.1776, bbox_loss: 0.0151, lmk_loss: 0.0231, all_loss: 0.1967
Epoch: 3|20, bid: 1000, acc: 0.9328, cls_loss: 0.1731, bbox_loss: 0.0152, lmk_loss: 0.0244, all_loss: 0.1929
Epoch: 3|20, bid: 2000, acc: 0.9334, cls_loss: 0.1708, bbox_loss: 0.0152, lmk_loss: 0.0244, all_loss: 0.1906
Epoch: 3|20, bid: 3000, acc: 0.9337, cls_loss: 0.1694, bbox_loss: 0.0151, lmk_loss: 0.0243, all_loss: 0.1891
single epoch cost time : 4.12 mins
Eval result acc: 0.9379, cls_loss: 0.1625, bbox_loss: 0.0149, lmk_loss: 0.0259, all_loss: 0.1829
Epoch: 4|20, bid: 1000, acc: 0.9378, cls_loss: 0.1619, bbox_loss: 0.0149, lmk_loss: 0.0241, all_loss: 0.1814
Epoch: 4|20, bid: 2000, acc: 0.9378, cls_loss: 0.1607, bbox_loss: 0.0149, lmk_loss: 0.0241, all_loss: 0.1802
Epoch: 4|20, bid: 3000, acc: 0.9378, cls_loss: 0.1603, bbox_loss: 0.0148, lmk_loss: 0.0241, all_loss: 0.1797
single epoch cost time : 4.28 mins
Eval result acc: 0.9393, cls_loss: 0.1538, bbox_loss: 0.0147, lmk_loss: 0.0280, all_loss: 0.1752
Epoch: 5|20, bid: 1000, acc: 0.9403, cls_loss: 0.1563, bbox_loss: 0.0148, lmk_loss: 0.0239, all_loss: 0.1756
Epoch: 5|20, bid: 2000, acc: 0.9402, cls_loss: 0.1555, bbox_loss: 0.0147, lmk_loss: 0.0239, all_loss: 0.1748
Epoch: 5|20, bid: 3000, acc: 0.9403, cls_loss: 0.1548, bbox_loss: 0.0147, lmk_loss: 0.0239, all_loss: 0.1741
single epoch cost time : 4.04 mins
Eval result acc: 0.9422, cls_loss: 0.1509, bbox_loss: 0.0145, lmk_loss: 0.0232, all_loss: 0.1698
Epoch: 6|20, bid: 1000, acc: 0.9424, cls_loss: 0.1515, bbox_loss: 0.0146, lmk_loss: 0.0238, all_loss: 0.1707
Epoch: 6|20, bid: 2000, acc: 0.9417, cls_loss: 0.1519, bbox_loss: 0.0146, lmk_loss: 0.0238, all_loss: 0.1711
Epoch: 6|20, bid: 3000, acc: 0.9419, cls_loss: 0.1511, bbox_loss: 0.0146, lmk_loss: 0.0238, all_loss: 0.1703
single epoch cost time : 4.16 mins
Eval result acc: 0.9426, cls_loss: 0.1488, bbox_loss: 0.0146, lmk_loss: 0.0255, all_loss: 0.1688
Epoch: 7|20, bid: 1000, acc: 0.9426, cls_loss: 0.1515, bbox_loss: 0.0146, lmk_loss: 0.0238, all_loss: 0.1707
Epoch: 7|20, bid: 2000, acc: 0.9426, cls_loss: 0.1503, bbox_loss: 0.0145, lmk_loss: 0.0237, all_loss: 0.1694
Epoch: 7|20, bid: 3000, acc: 0.9429, cls_loss: 0.1492, bbox_loss: 0.0145, lmk_loss: 0.0237, all_loss: 0.1683
single epoch cost time : 4.09 mins
Eval result acc: 0.9403, cls_loss: 0.1479, bbox_loss: 0.0144, lmk_loss: 0.0228, all_loss: 0.1665
Epoch: 8|20, bid: 1000, acc: 0.9440, cls_loss: 0.1481, bbox_loss: 0.0145, lmk_loss: 0.0237, all_loss: 0.1671
Epoch: 8|20, bid: 2000, acc: 0.9437, cls_loss: 0.1478, bbox_loss: 0.0145, lmk_loss: 0.0236, all_loss: 0.1668
Epoch: 8|20, bid: 3000, acc: 0.9436, cls_loss: 0.1474, bbox_loss: 0.0145, lmk_loss: 0.0236, all_loss: 0.1664
single epoch cost time : 4.18 mins
Eval result acc: 0.9406, cls_loss: 0.1494, bbox_loss: 0.0144, lmk_loss: 0.0203, all_loss: 0.1667
Epoch: 9|20, bid: 1000, acc: 0.9454, cls_loss: 0.1453, bbox_loss: 0.0144, lmk_loss: 0.0235, all_loss: 0.1643
Epoch: 9|20, bid: 2000, acc: 0.9449, cls_loss: 0.1452, bbox_loss: 0.0144, lmk_loss: 0.0235, all_loss: 0.1641
Epoch: 9|20, bid: 3000, acc: 0.9448, cls_loss: 0.1449, bbox_loss: 0.0144, lmk_loss: 0.0234, all_loss: 0.1638
single epoch cost time : 4.03 mins
Eval result acc: 0.9439, cls_loss: 0.1455, bbox_loss: 0.0143, lmk_loss: 0.0250, all_loss: 0.1652
Epoch: 10|20, bid: 1000, acc: 0.9455, cls_loss: 0.1441, bbox_loss: 0.0143, lmk_loss: 0.0233, all_loss: 0.1629
Epoch: 10|20, bid: 2000, acc: 0.9453, cls_loss: 0.1440, bbox_loss: 0.0144, lmk_loss: 0.0233, all_loss: 0.1628
Epoch: 10|20, bid: 3000, acc: 0.9448, cls_loss: 0.1445, bbox_loss: 0.0143, lmk_loss: 0.0233, all_loss: 0.1633
single epoch cost time : 4.09 mins
Eval result acc: 0.9418, cls_loss: 0.1458, bbox_loss: 0.0143, lmk_loss: 0.0245, all_loss: 0.1652
Epoch: 11|20, bid: 1000, acc: 0.9463, cls_loss: 0.1424, bbox_loss: 0.0143, lmk_loss: 0.0233, all_loss: 0.1612
Epoch: 11|20, bid: 2000, acc: 0.9457, cls_loss: 0.1428, bbox_loss: 0.0143, lmk_loss: 0.0233, all_loss: 0.1616
Epoch: 11|20, bid: 3000, acc: 0.9455, cls_loss: 0.1429, bbox_loss: 0.0143, lmk_loss: 0.0233, all_loss: 0.1616
single epoch cost time : 4.21 mins
Eval result acc: 0.9382, cls_loss: 0.1497, bbox_loss: 0.0143, lmk_loss: 0.0207, all_loss: 0.1673
Epoch: 12|20, bid: 1000, acc: 0.9464, cls_loss: 0.1421, bbox_loss: 0.0142, lmk_loss: 0.0233, all_loss: 0.1609
Epoch: 12|20, bid: 2000, acc: 0.9459, cls_loss: 0.1420, bbox_loss: 0.0142, lmk_loss: 0.0233, all_loss: 0.1607
Epoch: 12|20, bid: 3000, acc: 0.9458, cls_loss: 0.1418, bbox_loss: 0.0142, lmk_loss: 0.0233, all_loss: 0.1605
single epoch cost time : 4.14 mins
Eval result acc: 0.9452, cls_loss: 0.1425, bbox_loss: 0.0141, lmk_loss: 0.0214, all_loss: 0.1603
Epoch: 13|20, bid: 1000, acc: 0.9472, cls_loss: 0.1404, bbox_loss: 0.0141, lmk_loss: 0.0233, all_loss: 0.1591
Epoch: 13|20, bid: 2000, acc: 0.9468, cls_loss: 0.1406, bbox_loss: 0.0142, lmk_loss: 0.0232, all_loss: 0.1593
Epoch: 13|20, bid: 3000, acc: 0.9464, cls_loss: 0.1410, bbox_loss: 0.0142, lmk_loss: 0.0232, all_loss: 0.1597
single epoch cost time : 4.23 mins
Eval result acc: 0.9391, cls_loss: 0.1494, bbox_loss: 0.0141, lmk_loss: 0.0230, all_loss: 0.1680
Epoch: 14|20, bid: 1000, acc: 0.9471, cls_loss: 0.1402, bbox_loss: 0.0142, lmk_loss: 0.0231, all_loss: 0.1589
Epoch: 14|20, bid: 2000, acc: 0.9467, cls_loss: 0.1402, bbox_loss: 0.0142, lmk_loss: 0.0232, all_loss: 0.1589
Epoch: 14|20, bid: 3000, acc: 0.9465, cls_loss: 0.1404, bbox_loss: 0.0142, lmk_loss: 0.0232, all_loss: 0.1590
single epoch cost time : 4.01 mins
Eval result acc: 0.9458, cls_loss: 0.1430, bbox_loss: 0.0141, lmk_loss: 0.0230, all_loss: 0.1615
Epoch: 15|20, bid: 1000, acc: 0.9473, cls_loss: 0.1396, bbox_loss: 0.0141, lmk_loss: 0.0231, all_loss: 0.1582
Epoch: 15|20, bid: 2000, acc: 0.9469, cls_loss: 0.1396, bbox_loss: 0.0142, lmk_loss: 0.0232, all_loss: 0.1583
Epoch: 15|20, bid: 3000, acc: 0.9468, cls_loss: 0.1393, bbox_loss: 0.0142, lmk_loss: 0.0231, all_loss: 0.1580
single epoch cost time : 4.05 mins
Eval result acc: 0.9442, cls_loss: 0.1408, bbox_loss: 0.0142, lmk_loss: 0.0217, all_loss: 0.1587
Epoch: 16|20, bid: 1000, acc: 0.9479, cls_loss: 0.1384, bbox_loss: 0.0142, lmk_loss: 0.0231, all_loss: 0.1570
Epoch: 16|20, bid: 2000, acc: 0.9474, cls_loss: 0.1385, bbox_loss: 0.0142, lmk_loss: 0.0231, all_loss: 0.1571
Epoch: 16|20, bid: 3000, acc: 0.9472, cls_loss: 0.1387, bbox_loss: 0.0142, lmk_loss: 0.0231, all_loss: 0.1573
single epoch cost time : 4.10 mins
Eval result acc: 0.9429, cls_loss: 0.1414, bbox_loss: 0.0140, lmk_loss: 0.0159, all_loss: 0.1564
Epoch: 17|20, bid: 1000, acc: 0.9482, cls_loss: 0.1375, bbox_loss: 0.0142, lmk_loss: 0.0231, all_loss: 0.1561
Epoch: 17|20, bid: 2000, acc: 0.9477, cls_loss: 0.1376, bbox_loss: 0.0142, lmk_loss: 0.0231, all_loss: 0.1563
Epoch: 17|20, bid: 3000, acc: 0.9474, cls_loss: 0.1380, bbox_loss: 0.0142, lmk_loss: 0.0231, all_loss: 0.1566
single epoch cost time : 4.14 mins
Eval result acc: 0.9456, cls_loss: 0.1375, bbox_loss: 0.0141, lmk_loss: 0.0212, all_loss: 0.1551
Epoch: 18|20, bid: 1000, acc: 0.9481, cls_loss: 0.1368, bbox_loss: 0.0142, lmk_loss: 0.0231, all_loss: 0.1554
Epoch: 18|20, bid: 2000, acc: 0.9477, cls_loss: 0.1370, bbox_loss: 0.0142, lmk_loss: 0.0230, all_loss: 0.1556
Epoch: 18|20, bid: 3000, acc: 0.9474, cls_loss: 0.1375, bbox_loss: 0.0141, lmk_loss: 0.0230, all_loss: 0.1561
single epoch cost time : 4.16 mins
Eval result acc: 0.9466, cls_loss: 0.1372, bbox_loss: 0.0141, lmk_loss: 0.0208, all_loss: 0.1547
Epoch: 19|20, bid: 1000, acc: 0.9488, cls_loss: 0.1367, bbox_loss: 0.0142, lmk_loss: 0.0231, all_loss: 0.1553
Epoch: 19|20, bid: 2000, acc: 0.9484, cls_loss: 0.1364, bbox_loss: 0.0142, lmk_loss: 0.0231, all_loss: 0.1550
Epoch: 19|20, bid: 3000, acc: 0.9481, cls_loss: 0.1368, bbox_loss: 0.0141, lmk_loss: 0.0230, all_loss: 0.1553
single epoch cost time : 4.06 mins
Eval result acc: 0.9427, cls_loss: 0.1421, bbox_loss: 0.0142, lmk_loss: 0.0280, all_loss: 0.1632
Epoch: 20|20, bid: 1000, acc: 0.9488, cls_loss: 0.1368, bbox_loss: 0.0142, lmk_loss: 0.0229, all_loss: 0.1554
Epoch: 20|20, bid: 2000, acc: 0.9483, cls_loss: 0.1363, bbox_loss: 0.0142, lmk_loss: 0.0230, all_loss: 0.1549
Epoch: 20|20, bid: 3000, acc: 0.9481, cls_loss: 0.1364, bbox_loss: 0.0142, lmk_loss: 0.0230, all_loss: 0.1550
single epoch cost time : 3.95 mins
Eval result acc: 0.9467, cls_loss: 0.1356, bbox_loss: 0.0140, lmk_loss: 0.0228, all_loss: 0.1540
